<?xml version="1.0" encoding="UTF-8"?>
<!-- Generated by org.testng.reporters.JUnitReportReporter -->
<testsuite skipped="0" hostname="samikshagupta" name="com.todo.tests.Authenticate_Token" tests="4" failures="0" timestamp="28 Jul 2021 10:50:14 GMT" time="14.673" errors="0">
  <testcase name="invalid_getAccessToken" time="0.635" classname="com.todo.tests.Authenticate_Token"/>
  <testcase name="invalid_getAccessToken1" time="0.107" classname="com.todo.tests.Authenticate_Token"/>
  <testcase name="invalid_getAccessToken2" time="0.996" classname="com.todo.tests.Authenticate_Token"/>
  <testcase name="getAccessToken" time="12.935" classname="com.todo.tests.Authenticate_Token"/>
</testsuite> <!-- com.todo.tests.Authenticate_Token -->
