<?xml version="1.0" encoding="UTF-8"?>
<!-- Generated by org.testng.reporters.JUnitReportReporter -->
<testsuite skipped="0" hostname="samikshagupta" name="com.todo.tests.DeleteTask" tests="1" failures="0" timestamp="27 Jul 2021 10:51:45 GMT" time="4.845" errors="0">
  <testcase name="delete_Task" time="4.845" classname="com.todo.tests.DeleteTask"/>
</testsuite> <!-- com.todo.tests.DeleteTask -->
