<?xml version="1.0" encoding="UTF-8"?>
<!-- Generated by org.testng.reporters.JUnitReportReporter -->
<testsuite skipped="0" hostname="samikshagupta" name="com.todo.tests.Authenticate_Token" tests="4" failures="0" timestamp="27 Jul 2021 06:44:37 GMT" time="5.569" errors="0">
  <testcase name="invalid_getAccessToken1" time="0.045" classname="com.todo.tests.Authenticate_Token"/>
  <testcase name="invalid_getAccessToken2" time="0.049" classname="com.todo.tests.Authenticate_Token"/>
  <testcase name="invalid_getAccessToken" time="0.726" classname="com.todo.tests.Authenticate_Token"/>
  <testcase name="getAccessToken" time="4.749" classname="com.todo.tests.Authenticate_Token"/>
</testsuite> <!-- com.todo.tests.Authenticate_Token -->
