<?xml version="1.0" encoding="UTF-8"?>
<!-- Generated by org.testng.reporters.JUnitReportReporter -->
<testsuite skipped="0" hostname="samikshagupta" name="com.todo.tests.EditTask" tests="1" failures="0" timestamp="03 Aug 2021 12:26:14 GMT" time="4.888" errors="0">
  <testcase name="edit_Task" time="4.888" classname="com.todo.tests.EditTask"/>
</testsuite> <!-- com.todo.tests.EditTask -->
