<?xml version="1.0" encoding="UTF-8"?>
<!-- Generated by org.testng.reporters.JUnitReportReporter -->
<testsuite skipped="0" hostname="samikshagupta" name="com.todo.tests.UserController" tests="8" failures="0" timestamp="21 Jul 2021 15:46:23 GMT" time="6.264" errors="0">
  <testcase name="invalid_loginUser_Password" time="0.243" classname="com.todo.tests.UserController"/>
  <testcase name="loginUser" time="0.284" classname="com.todo.tests.UserController"/>
  <testcase name="invalid_createUser_firstname" time="0.251" classname="com.todo.tests.UserController"/>
  <testcase name="invalid_createUser_lastname" time="0.231" classname="com.todo.tests.UserController"/>
  <testcase name="invalid_createUser_password" time="0.910" classname="com.todo.tests.UserController"/>
  <testcase name="createUser" time="3.865" classname="com.todo.tests.UserController"/>
  <testcase name="invalid_createUser_email" time="0.222" classname="com.todo.tests.UserController"/>
  <testcase name="invalid_loginUser_email" time="0.258" classname="com.todo.tests.UserController"/>
</testsuite> <!-- com.todo.tests.UserController -->
