<?xml version="1.0" encoding="UTF-8"?>
<!-- Generated by org.testng.reporters.JUnitReportReporter -->
<testsuite skipped="0" hostname="samikshagupta" name="com.todo.tests.FetchTask_By_ID" tests="1" failures="0" timestamp="03 Aug 2021 13:02:52 GMT" time="4.832" errors="0">
  <testcase name="fetch_Task" time="4.832" classname="com.todo.tests.FetchTask_By_ID"/>
</testsuite> <!-- com.todo.tests.FetchTask_By_ID -->
