<?xml version="1.0" encoding="UTF-8"?>
<!-- Generated by org.testng.reporters.JUnitReportReporter -->
<testsuite skipped="0" hostname="samikshagupta" name="com.todo.tests.HelloController" tests="1" failures="0" timestamp="03 Aug 2021 08:14:02 GMT" time="4.760" errors="0">
  <testcase name="helloTest" time="4.760" classname="com.todo.tests.HelloController"/>
</testsuite> <!-- com.todo.tests.HelloController -->
