<?xml version="1.0" encoding="UTF-8"?>
<!-- Generated by org.testng.reporters.JUnitReportReporter -->
<testsuite skipped="0" hostname="samikshagupta" name="com.todo.tests.CreateTask" tests="1" failures="0" timestamp="02 Aug 2021 08:01:29 GMT" time="6.205" errors="0">
  <testcase name="create_Task" time="6.205" classname="com.todo.tests.CreateTask"/>
</testsuite> <!-- com.todo.tests.CreateTask -->
