<?xml version="1.0" encoding="UTF-8"?>
<!-- Generated by org.testng.reporters.JUnitReportReporter -->
<testsuite skipped="0" hostname="samikshagupta" name="com.todo.tests.UserController" tests="1" failures="0" timestamp="26 Jul 2021 16:50:45 GMT" time="4.414" errors="0">
  <testcase name="loginUser" time="4.414" classname="com.todo.tests.UserController"/>
</testsuite> <!-- com.todo.tests.UserController -->
