<?xml version="1.0" encoding="UTF-8"?>
<!-- Generated by org.testng.reporters.JUnitReportReporter -->
<testsuite skipped="0" hostname="samikshagupta" name="com.todo.tests.CreateTask" tests="1" failures="0" timestamp="03 Aug 2021 13:11:13 GMT" time="4.270" errors="0">
  <testcase name="invalid_create_Task_dueDate" time="4.270" classname="com.todo.tests.CreateTask"/>
</testsuite> <!-- com.todo.tests.CreateTask -->
