<?xml version="1.0" encoding="UTF-8"?>
<!-- Generated by org.testng.reporters.JUnitReportReporter -->
<testsuite skipped="0" hostname="samikshagupta" name="com.todo.tests.HelloController" tests="1" failures="0" timestamp="28 Jul 2021 10:53:44 GMT" time="4.578" errors="0">
  <testcase name="helloTest" time="4.578" classname="com.todo.tests.HelloController"/>
</testsuite> <!-- com.todo.tests.HelloController -->
