<?xml version="1.0" encoding="UTF-8"?>
<!-- Generated by org.testng.reporters.JUnitReportReporter -->
<testsuite skipped="0" hostname="samikshagupta" name="com.todo.tests.Authenticate_Token" tests="4" failures="0" timestamp="21 Jul 2021 15:40:33 GMT" time="4.920" errors="0">
  <testcase name="invalid_getAccessToken" time="0.215" classname="com.todo.tests.Authenticate_Token"/>
  <testcase name="getAccessToken" time="4.615" classname="com.todo.tests.Authenticate_Token"/>
  <testcase name="invalid_getAccessToken2" time="0.048" classname="com.todo.tests.Authenticate_Token"/>
  <testcase name="invalid_getAccessToken1" time="0.042" classname="com.todo.tests.Authenticate_Token"/>
</testsuite> <!-- com.todo.tests.Authenticate_Token -->
