<?xml version="1.0" encoding="UTF-8"?>
<!-- Generated by org.testng.reporters.JUnitReportReporter -->
<testsuite skipped="0" hostname="samikshagupta" name="com.todo.tests.Fetch_All_Task" tests="1" failures="0" timestamp="27 Jul 2021 05:58:37 GMT" time="4.300" errors="0">
  <testcase name="invalid_fetch_Task" time="4.300" classname="com.todo.tests.Fetch_All_Task"/>
</testsuite> <!-- com.todo.tests.Fetch_All_Task -->
