<?xml version="1.0" encoding="UTF-8"?>
<!-- Generated by org.testng.reporters.JUnitReportReporter -->
<testsuite skipped="0" hostname="samikshagupta" name="com.todo.tests.CreateTask" tests="1" failures="0" timestamp="21 Jul 2021 15:47:01 GMT" time="4.990" errors="0">
  <testcase name="create_Task" time="4.990" classname="com.todo.tests.CreateTask"/>
</testsuite> <!-- com.todo.tests.CreateTask -->
