<?xml version="1.0" encoding="UTF-8"?>
<!-- Generated by org.testng.reporters.JUnitReportReporter -->
<testsuite skipped="0" hostname="samikshagupta" name="com.todo.tests.Fetch_All_Task" tests="2" failures="0" timestamp="28 Jul 2021 10:55:35 GMT" time="4.851" errors="0">
  <testcase name="fetch_Task" time="3.869" classname="com.todo.tests.Fetch_All_Task"/>
  <testcase name="invalid_fetch_Task" time="0.982" classname="com.todo.tests.Fetch_All_Task"/>
</testsuite> <!-- com.todo.tests.Fetch_All_Task -->
