<?xml version="1.0" encoding="UTF-8"?>
<!-- Generated by org.testng.reporters.JUnitReportReporter -->
<testsuite skipped="0" hostname="samikshagupta" name="com.todo.tests.Authenticate_Token" tests="4" failures="0" timestamp="03 Aug 2021 07:47:41 GMT" time="26.054" errors="0">
  <testcase name="invalid_getAccessToken2" time="0.104" classname="com.todo.tests.Authenticate_Token"/>
  <testcase name="invalid_getAccessToken" time="0.584" classname="com.todo.tests.Authenticate_Token"/>
  <testcase name="getAccessToken" time="20.009" classname="com.todo.tests.Authenticate_Token"/>
  <testcase name="invalid_getAccessToken1" time="5.357" classname="com.todo.tests.Authenticate_Token"/>
</testsuite> <!-- com.todo.tests.Authenticate_Token -->
