<?xml version="1.0" encoding="UTF-8"?>
<!-- Generated by org.testng.reporters.JUnitReportReporter -->
<testsuite skipped="0" hostname="samikshagupta" name="com.todo.tests.Fetch_All_Task" tests="2" failures="0" timestamp="27 Jul 2021 10:37:00 GMT" time="4.932" errors="0">
  <testcase name="fetch_Task" time="3.910" classname="com.todo.tests.Fetch_All_Task"/>
  <testcase name="invalid_fetch_Task" time="1.022" classname="com.todo.tests.Fetch_All_Task"/>
</testsuite> <!-- com.todo.tests.Fetch_All_Task -->
