<?xml version="1.0" encoding="UTF-8"?>
<!-- Generated by org.testng.reporters.JUnitReportReporter -->
<testsuite skipped="0" hostname="samikshagupta" name="com.todo.tests.Fetch_All_Task" tests="1" failures="0" timestamp="03 Aug 2021 13:19:18 GMT" time="4.999" errors="0">
  <testcase name="fetch_Task" time="4.999" classname="com.todo.tests.Fetch_All_Task"/>
</testsuite> <!-- com.todo.tests.Fetch_All_Task -->
