<?xml version="1.0" encoding="UTF-8"?>
<!-- Generated by org.testng.reporters.JUnitReportReporter -->
<testsuite skipped="0" hostname="samikshagupta" name="com.todo.tests.Authenticate_Token" tests="4" failures="0" timestamp="21 Jul 2021 16:22:31 GMT" time="4.838" errors="0">
  <testcase name="invalid_getAccessToken2" time="0.047" classname="com.todo.tests.Authenticate_Token"/>
  <testcase name="getAccessToken" time="3.909" classname="com.todo.tests.Authenticate_Token"/>
  <testcase name="invalid_getAccessToken" time="0.193" classname="com.todo.tests.Authenticate_Token"/>
  <testcase name="invalid_getAccessToken1" time="0.689" classname="com.todo.tests.Authenticate_Token"/>
</testsuite> <!-- com.todo.tests.Authenticate_Token -->
