<?xml version="1.0" encoding="UTF-8"?>
<!-- Generated by org.testng.reporters.JUnitReportReporter -->
<testsuite skipped="0" hostname="samikshagupta" name="com.todo.tests.UserController" tests="8" failures="0" timestamp="21 Jul 2021 16:15:00 GMT" time="2.089" errors="0">
  <testcase name="invalid_createUser_lastname" time="0.225" classname="com.todo.tests.UserController"/>
  <testcase name="invalid_loginUser_email" time="0.271" classname="com.todo.tests.UserController"/>
  <testcase name="invalid_createUser_firstname" time="0.283" classname="com.todo.tests.UserController"/>
  <testcase name="loginUser" time="0.243" classname="com.todo.tests.UserController"/>
  <testcase name="invalid_loginUser_Password" time="0.303" classname="com.todo.tests.UserController"/>
  <testcase name="invalid_createUser_password" time="0.241" classname="com.todo.tests.UserController"/>
  <testcase name="invalid_createUser_email" time="0.262" classname="com.todo.tests.UserController"/>
  <testcase name="createUser" time="0.261" classname="com.todo.tests.UserController"/>
</testsuite> <!-- com.todo.tests.UserController -->
