<?xml version="1.0" encoding="UTF-8"?>
<!-- Generated by org.testng.reporters.JUnitReportReporter -->
<testsuite skipped="0" hostname="samikshagupta" name="com.todo.tests.UserController" tests="8" failures="0" timestamp="21 Jul 2021 16:22:31 GMT" time="1.989" errors="0">
  <testcase name="invalid_createUser_lastname" time="0.226" classname="com.todo.tests.UserController"/>
  <testcase name="invalid_loginUser_email" time="0.248" classname="com.todo.tests.UserController"/>
  <testcase name="invalid_createUser_firstname" time="0.248" classname="com.todo.tests.UserController"/>
  <testcase name="loginUser" time="0.270" classname="com.todo.tests.UserController"/>
  <testcase name="invalid_loginUser_Password" time="0.294" classname="com.todo.tests.UserController"/>
  <testcase name="invalid_createUser_password" time="0.247" classname="com.todo.tests.UserController"/>
  <testcase name="invalid_createUser_email" time="0.224" classname="com.todo.tests.UserController"/>
  <testcase name="createUser" time="0.232" classname="com.todo.tests.UserController"/>
</testsuite> <!-- com.todo.tests.UserController -->
