<?xml version="1.0" encoding="UTF-8"?>
<!-- Generated by org.testng.reporters.JUnitReportReporter -->
<testsuite skipped="0" hostname="samikshagupta" name="com.todo.tests.DeleteTask" tests="1" failures="0" timestamp="21 Jul 2021 16:22:31 GMT" time="0.365" errors="0">
  <testcase name="delete_Task" time="0.365" classname="com.todo.tests.DeleteTask"/>
</testsuite> <!-- com.todo.tests.DeleteTask -->
