<?xml version="1.0" encoding="UTF-8"?>
<!-- Generated by org.testng.reporters.JUnitReportReporter -->
<testsuite skipped="0" hostname="samikshagupta" name="com.todo.tests.CreateTask" tests="4" failures="0" timestamp="21 Jul 2021 16:15:00 GMT" time="1.253" errors="0">
  <testcase name="create_Task" time="0.431" classname="com.todo.tests.CreateTask"/>
  <testcase name="invalid_create_Task_priority" time="0.256" classname="com.todo.tests.CreateTask"/>
  <testcase name="invalid_create_Task_email" time="0.294" classname="com.todo.tests.CreateTask"/>
  <testcase name="invalid_create_Task_taskname" time="0.272" classname="com.todo.tests.CreateTask"/>
</testsuite> <!-- com.todo.tests.CreateTask -->
