<?xml version="1.0" encoding="UTF-8"?>
<!-- Generated by org.testng.reporters.JUnitReportReporter -->
<testsuite skipped="0" hostname="samikshagupta" name="com.todo.tests.CreateTask" tests="4" failures="0" timestamp="21 Jul 2021 16:22:31 GMT" time="1.472" errors="0">
  <testcase name="create_Task" time="0.544" classname="com.todo.tests.CreateTask"/>
  <testcase name="invalid_create_Task_priority" time="0.286" classname="com.todo.tests.CreateTask"/>
  <testcase name="invalid_create_Task_email" time="0.368" classname="com.todo.tests.CreateTask"/>
  <testcase name="invalid_create_Task_taskname" time="0.274" classname="com.todo.tests.CreateTask"/>
</testsuite> <!-- com.todo.tests.CreateTask -->
